ISim log file
Running: D:\lzq123\co\P7\mips\mips_txt_isim_beh.exe -intstyle ise -gui -tclbatch isim.cmd -wdb D:/lzq123/co/P7/mips/mips_txt_isim_beh.wdb 
ISim P.20131013 (signature 0x7708f090)
----------------------------------------------------------------------
WARNING:Security:42 - Your software subscription period has lapsed. Your current version of Xilinx tools will continue to function, but you no longer qualify for Xilinx software updates or new releases.


----------------------------------------------------------------------
This is a Full version of ISim.
Time resolution is 1 ps
# onerror resume
# wave add /
# run 1000 ns
Simulator is doing circuit initialization process.
Finished circuit initialization process.
                  38@00003000: $ 9 <= 2e110000
                  42@00003004: $16 <= 7bc40000
                  62@00004180: $26 <= 00000002
                  70@00004184: $26 <= 00000002
                  86@00004190: $26 <= 00001000
                  90@00004198: *00000f74 <= 00000000
                  90@00004194: $26 <= 00000f00
                  98@000041a0: *00000f20 <= 00000000
                  98@0000419c: $29 <= 00000f00
                 102@000041a4: *00000f24 <= 2e110000
                 106@000041a8: *00000f7c <= 00000000
                 114@000041ac: $26 <= 00000000
                 118@000041b4: *00000f80 <= 00000000
                 118@000041b0: $27 <= 00000000
                 122@000041b8: *00000f84 <= 00000000
                 130@000041bc: $31 <= 000041c4
                 138@000041c4: $26 <= 00000030
                 142@000041c8: $27 <= 80000000
                 146@000041cc: $ 8 <= 00000000
                 162@000041d8: $31 <= 000041e0
                 166@000041dc: $27 <= 00003008
                 174@000041e8: $27 <= 0000007c
                 178@000041ec: $26 <= 00000030
                 194@000041f8: $27 <= 00000010
                 210@00004204: $31 <= 0000420c
                 218@00004258: $26 <= 00003008
                 226@0000425c: $26 <= 0000300c
                 234@00004264: $31 <= 0000426c
                 242@000042b0: $ 8 <= 00000000
                 246@000042b4: $ 9 <= 2e110000
                 250@000042b8: $26 <= 00000000
                 254@000042bc: $27 <= 00000000
                 258@000042c0: $31 <= 00000000
                 270@000042cc: $29 <= 00000000
                 286@0000300c: $ 9 <= 7fff0000
                 290@00003010: $ 9 <= 7fff7fff
                 294@00003014: $ 9 <= 7ffffffe
                 314@00004180: $26 <= 00000002
                 322@00004184: $26 <= 00000002
                 338@00004190: $26 <= 00001000
                 342@00004198: *00000f74 <= 00000000
                 342@00004194: $26 <= 00000f00
                 350@000041a0: *00000f20 <= 00000000
                 350@0000419c: $29 <= 00000f00
                 354@000041a4: *00000f24 <= 7ffffffe
                 358@000041a8: *00000f7c <= 00000000
                 366@000041ac: $26 <= 00000000
                 370@000041b4: *00000f80 <= 00000000
                 370@000041b0: $27 <= 00000000
                 374@000041b8: *00000f84 <= 00000000
                 382@000041bc: $31 <= 000041c4
                 390@000041c4: $26 <= 00000030
                 394@000041c8: $27 <= 80000000
                 398@000041cc: $ 8 <= 00000000
                 414@000041d8: $31 <= 000041e0
                 418@000041dc: $27 <= 00003018
                 426@000041e8: $27 <= 0000007c
                 430@000041ec: $26 <= 00000030
                 446@000041f8: $27 <= 00000010
                 462@00004204: $31 <= 0000420c
                 470@00004258: $26 <= 00003018
                 478@0000425c: $26 <= 0000301c
                 486@00004264: $31 <= 0000426c
                 494@000042b0: $ 8 <= 00000000
                 498@000042b4: $ 9 <= 7ffffffe
                 502@000042b8: $26 <= 00000000
                 506@000042bc: $27 <= 00000000
                 510@000042c0: $31 <= 00000000
                 522@000042cc: $29 <= 00000000
                 538@0000301c: $ 9 <= 8c480000
                 542@00003020: $16 <= 74480000
                 562@00004180: $26 <= 00000002
                 570@00004184: $26 <= 00000002
                 586@00004190: $26 <= 00001000
                 590@00004198: *00000f74 <= 00000000
                 590@00004194: $26 <= 00000f00
                 598@000041a0: *00000f20 <= 00000000
                 598@0000419c: $29 <= 00000f00
                 602@000041a4: *00000f24 <= 8c480000
                 606@000041a8: *00000f7c <= 00000000
                 614@000041ac: $26 <= 00000000
                 618@000041b4: *00000f80 <= 00000000
                 618@000041b0: $27 <= 00000000
                 622@000041b8: *00000f84 <= 00000000
                 630@000041bc: $31 <= 000041c4
                 638@000041c4: $26 <= 00000030
                 642@000041c8: $27 <= 80000000
                 646@000041cc: $ 8 <= 00000000
                 662@000041d8: $31 <= 000041e0
                 666@000041dc: $27 <= 00003024
                 674@000041e8: $27 <= 0000007c
                 678@000041ec: $26 <= 00000030
                 694@000041f8: $27 <= 00000010
                 710@00004204: $31 <= 0000420c
                 718@00004258: $26 <= 00003024
                 726@0000425c: $26 <= 00003028
                 734@00004264: $31 <= 0000426c
                 742@000042b0: $ 8 <= 00000000
                 746@000042b4: $ 9 <= 8c480000
                 750@000042b8: $26 <= 00000000
                 754@000042bc: $27 <= 00000000
                 758@000042c0: $31 <= 00000000
                 770@000042cc: $29 <= 00000000
                 786@00003028: $12 <= 00000001
                 794@00003030: $14 <= 00000000
                 798@00003034: $15 <= 74480000
                 802@00003038: $16 <= 00000000
                 806@0000303c: $19 <= 00005915
                 810@00003040: $14 <= 00000000
                 814@00003044: $12 <= 0000127c
                 818@00003048: $11 <= 00000000
                 838@0000304c: $18 <= 00000000
                 842@00003050: $14 <= 00900000
                 846@00003054: $10 <= 00006a91
                 850@00003058: $15 <= 00003bdc
                 854@0000305c: $16 <= 00000000
                 862@00003064: $17 <= 8c47956f
                 866@00003068: $12 <= 00000000
                 870@0000306c: $21 <= 00000000
                 874@00003070: $21 <= 00005d54
                 878@00003074: $20 <= 00000000
                 886@0000307c: $19 <= 00005915
                 894@00003084: $13 <= 00000000
                 898@00003088: $17 <= 000030c9
                 902@0000308c: $12 <= 00000000
                 906@00003090: $ 8 <= 000030c8
                 910@00003094: $12 <= 00000001
                 942@0000309c: $16 <= 000018da
                 946@000030a0: $20 <= 00000000
                 950@000030a4: $ 9 <= 0000bdff
                 958@000030ac: $20 <= 00000000
                 962@000030b0: $11 <= 00000001
                 990@000030b8: $11 <= 00000000
                 994@000030bc: $10 <= 0000a4a0
                 998@000030c0: $21 <= 009030c9
