Running: D:\14.7\ISE_DS\ISE\bin\nt64\unwrapped\fuse.exe -intstyle ise -incremental -lib unisims_ver -lib unimacro_ver -lib xilinxcorelib_ver -lib secureip -o D:/lzq123/co/P5/mips/tb_isim_beh.exe -prj D:/lzq123/co/P5/mips/tb_beh.prj tb work.glbl 
ISim P.20131013 (signature 0x7708f090)
Number of CPUs detected in this system: 20
Turning on mult-threading, number of parallel sub-compilation jobs: 40 
Determining compilation order of HDL files
Analyzing Verilog file "D:/lzq123/co/P5/mips/decode.v" into library work
Analyzing Verilog file "D:/lzq123/co/P5/mips/pc.v" into library work
Analyzing Verilog file "D:/lzq123/co/P5/mips/npc.v" into library work
Analyzing Verilog file "D:/lzq123/co/P5/mips/mw_reg.v" into library work
Analyzing Verilog file "D:/lzq123/co/P5/mips/im.v" into library work
Analyzing Verilog file "D:/lzq123/co/P5/mips/grf.v" into library work
Analyzing Verilog file "D:/lzq123/co/P5/mips/fd_reg.v" into library work
Analyzing Verilog file "D:/lzq123/co/P5/mips/ext.v" into library work
Analyzing Verilog file "D:/lzq123/co/P5/mips/em_reg.v" into library work
Analyzing Verilog file "D:/lzq123/co/P5/mips/dm.v" into library work
Analyzing Verilog file "D:/lzq123/co/P5/mips/de_reg.v" into library work
Analyzing Verilog file "D:/lzq123/co/P5/mips/control.v" into library work
Analyzing Verilog file "D:/lzq123/co/P5/mips/conflict.v" into library work
Analyzing Verilog file "D:/lzq123/co/P5/mips/cmp.v" into library work
Analyzing Verilog file "D:/lzq123/co/P5/mips/alu.v" into library work
Analyzing Verilog file "D:/lzq123/co/P5/mips/mips.v" into library work
Analyzing Verilog file "D:/lzq123/co/P5/mips/tb.v" into library work
Analyzing Verilog file "D:/14.7/ISE_DS/ISE//verilog/src/glbl.v" into library work
Starting static elaboration
WARNING:HDLCompiler:1016 - "D:/lzq123/co/P5/mips/mips.v" Line 125: Port RFWr is not connected to this instance
WARNING:HDLCompiler:1016 - "D:/lzq123/co/P5/mips/mips.v" Line 130: Port NPCOp is not connected to this instance
WARNING:HDLCompiler:1016 - "D:/lzq123/co/P5/mips/mips.v" Line 135: Port NPCOp is not connected to this instance
WARNING:HDLCompiler:1016 - "D:/lzq123/co/P5/mips/mips.v" Line 139: Port NPCOp is not connected to this instance
Completed static elaboration
Compiling module control
Compiling module decode
Compiling module conflict
Compiling module pc
Compiling module im
Compiling module fd_reg
Compiling module npc
Compiling module grf
Compiling module ext
Compiling module cmp
Compiling module de_reg
Compiling module alu
Compiling module em_reg
Compiling module dm
Compiling module mw_reg
Compiling module mips
Compiling module tb
Compiling module glbl
Time Resolution for simulation is 1ps.
Waiting for 1 sub-compilation(s) to finish...
Compiled 18 Verilog Units
Built simulation executable D:/lzq123/co/P5/mips/tb_isim_beh.exe
Fuse Memory Usage: 32080 KB
Fuse CPU Usage: 124 ms
