ISim log file
Running: D:\lzq123\co\P5\mips\tb_isim_beh.exe -intstyle ise -gui -tclbatch isim.cmd -wdb D:/lzq123/co/P5/mips/tb_isim_beh.wdb 
ISim P.20131013 (signature 0x7708f090)
----------------------------------------------------------------------
WARNING:Security:42 - Your software subscription period has lapsed. Your current version of Xilinx tools will continue to function, but you no longer qualify for Xilinx software updates or new releases.


----------------------------------------------------------------------
This is a Full version of ISim.
Time resolution is 1 ps
# onerror resume
# wave add /
# run 1000 ns
Simulator is doing circuit initialization process.
Finished circuit initialization process.
                 145@00003000: $31 <= 00003008
                 155@00003004: $ 5 <= 00003008
                 165@00003008: $ 2 <= 00003008
                 175@0000300c: $ 3 <= 00003008
                 185@00003010: $ 4 <= 00003008
                 195@00003014: $ 6 <= 00003020
                 205@00003018: $31 <= 00003020
                 235@00003024: $ 7 <= 00000001
                 245@0000302c: $ 9 <= 00000001
                 255@00003030: $ 1 <= 00000004
                 265@00003034: $ 2 <= 00000014
                 275@00003038: $ 3 <= 0000000c
                 275@0000303c: *00000004 <= 00000014
                 285@00003040: *00000014 <= 00000014
                 295@00003044: *00000000 <= 00003020
                 315@00003048: $31 <= 00003050
                 325@0000304c: $10 <= 00003020
                 335@00003050: $11 <= 00000014
                 345@00003054: $12 <= 00000014
                 355@00003058: $ 3 <= 00000010
                 365@0000305c: $13 <= 00000014
                 375@00003060: $14 <= 00000014
                 385@00003064: $15 <= 00000014
                 395@00003068: $ 3 <= 00000000
                 405@0000306c: $13 <= 00000014
                 415@00003070: $14 <= 00000014
                 425@00003074: $15 <= 00000014
                 435@00003078: $31 <= 0000ffff
                 445@0000307c: $31 <= 00003084
                 455@00003080: $17 <= 00003084
                 465@00003084: $31 <= 0000308c
