ISim log file
Running: D:\lzq123\co\P6\mips\mips_txt_isim_beh.exe -intstyle ise -gui -tclbatch isim.cmd -wdb D:/lzq123/co/P6/mips/mips_txt_isim_beh.wdb 
ISim P.20131013 (signature 0x7708f090)
----------------------------------------------------------------------
WARNING:Security:42 - Your software subscription period has lapsed. Your current version of Xilinx tools will continue to function, but you no longer qualify for Xilinx software updates or new releases.


----------------------------------------------------------------------
This is a Full version of ISim.
Time resolution is 1 ps
# onerror resume
# wave add /
# run 1000 ns
Simulator is doing circuit initialization process.
Finished circuit initialization process.
                  46@00003008: $ 1 <= 07710000
                  50@0000300c: $ 1 <= 07713b85
                  54@00003010: $ 2 <= 80200000
                  58@00003014: $ 2 <= 8020ee10
                  62@00003018: $ 3 <= 3c8a0000
                  66@0000301c: $ 3 <= 3c8a141f
                  70@00003020: $ 4 <= e1620000
                  74@00003024: $ 4 <= e162e4af
                  78@00003028: $ 5 <= 981f0000
                  82@0000302c: $ 5 <= 981f2511
                  86@00003030: $ 6 <= 76cc0000
                  90@00003034: $ 6 <= 76cc38ce
                  94@00003038: $ 7 <= cfb80000
                  98@0000303c: $ 7 <= cfb89de1
                 102@00003040: $ 8 <= ef3f0000
                 106@00003044: $ 8 <= ef3ffe15
                 110@00003048: $ 9 <= 5a150000
                 114@0000304c: $ 9 <= 5a15c5ce
                 118@00003050: $10 <= 18d90000
                 122@00003054: $10 <= 18d937c7
                 126@00003058: $11 <= 6ba50000
                 130@0000305c: $11 <= 6ba510aa
                 134@00003060: $12 <= d67d0000
                 138@00003064: $12 <= d67dc9f5
                 142@00003068: $13 <= b51f0000
                 146@0000306c: $13 <= b51fd5d2
                 150@00003070: $14 <= 69a40000
                 154@00003074: $14 <= 69a42021
                 158@00003078: $15 <= deff0000
                 162@0000307c: $15 <= deff44b3
                 166@00003080: $16 <= fb200000
                 170@00003084: $16 <= fb2088df
                 174@00003088: $17 <= 82310000
                 178@0000308c: $17 <= 82316b44
                 182@00003090: $18 <= a2070000
                 186@00003094: $18 <= a2078f2c
                 190@00003098: $19 <= 738e0000
                 194@0000309c: $19 <= 738eff55
                 198@000030a0: $20 <= d6950000
                 202@000030a4: $20 <= d695d8bd
                 206@000030a8: $21 <= b66d0000
                 210@000030ac: $21 <= b66d14e4
                 214@000030b0: $22 <= 5eac0000
                 218@000030b4: $22 <= 5eac7f55
                 222@000030b8: $23 <= 53670000
                 226@000030bc: $23 <= 5367a029
                 230@000030c0: $24 <= 1e520000
                 234@000030c4: $24 <= 1e523192
                 238@000030c8: $25 <= a00c0000
                 242@000030cc: $25 <= a00c8a07
                 246@000030d0: $26 <= c3410000
                 250@000030d4: $26 <= c3418ef3
                 254@000030d8: $27 <= e62e0000
                 258@000030dc: $27 <= e62ec52a
                 262@000030e0: $28 <= b3480000
                 266@000030e4: $28 <= b34895c6
                 270@000030e8: $29 <= 94b10000
                 274@000030ec: $29 <= 94b1090e
                 278@000030f0: $30 <= 0e1c0000
                 282@000030f4: $30 <= 0e1c81f3
                 286@000030f8: $31 <= 04fd0000
                 290@000030fc: $31 <= 04fd8986
                 294@00003100: $11 <= 4db20000
                 318@0000310c: $18 <= 00000000
                 366@0000311c: $18 <= 00000001
                 382@00003130: *00001000 <= 00002a00
                 382@0000312c: $31 <= 00003134
                 402@00003134: $27 <= 00000000
                 410@00003138: $21 <= 00000000
                 426@00003144: $31 <= 0000314c
                 490@0000314c: $11 <= 2e6d922c
                 502@00003158: $11 <= 00000001
                 506@0000315c: $10 <= 8e6a0000
                 566@0000316c: $19 <= 01029521
                 590@00003178: $27 <= 00000000
                 594@0000317c: *00002000 <= 00000001
                 610@00003188: $ 4 <= 01029521
                 626@00003194: $31 <= 0000319c
                 670@0000319c: $13 <= 5c270000
                 674@000031a0: $ 6 <= 5c278755
                 686@000031ac: $ 7 <= 00000000
                 694@000031b4: $15 <= 00000000
                 698@000031b8: $15 <= 00000000
                 702@000031bc: $ 9 <= 00000000
                 706@000031c0: *00000000 <= 0000f500
                 710@000031c4: *00001000 <= 00000100
                 726@000031d0: $16 <= 00000000
                 758@000031dc: *00000000 <= 0000f500
                 766@000031e0: $23 <= 00000000
                 790@000031ec: $27 <= 00000000
                 822@000031f8: *00000000 <= 0000f300
                 822@000031f4: $15 <= 00000001
                 830@000031fc: $29 <= 037c0000
                 834@00003200: $21 <= 00000001
                 842@00003208: $20 <= 00000001
                 846@00003210: *00001000 <= fe150100
                 846@0000320c: $20 <= ef3ffe15
                 854@00003214: $25 <= 875f2326
                 862@0000321c: $28 <= 00000000
                 866@00003220: $20 <= 00006274
                 890@0000322c: $16 <= 0000f300
                 910@0000323c: *00001000 <= ef3ffe15
                 910@00003238: $16 <= 00000000
                 914@00003240: *00002000 <= 3b850001
                 922@00003244: $29 <= 01029521
                 926@00003248: $17 <= 00000000
                 950@00003254: $19 <= 80002410
                 966@00003264: $31 <= 0000326c
                 974@000039f4: $12 <= 00000001
                 986@0000326c: $19 <= 00000000
