Release 14.7 - xst P.20131013 (nt64)
Copyright (c) 1995-2013 Xilinx, Inc.  All rights reserved.
--> Parameter TMPDIR set to xst/projnav.tmp


Total REAL time to Xst completion: 0.00 secs
Total CPU time to Xst completion: 0.12 secs
 
--> Parameter xsthdpdir set to xst


Total REAL time to Xst completion: 0.00 secs
Total CPU time to Xst completion: 0.12 secs
 
--> Reading design: expr.prj

TABLE OF CONTENTS
  1) Synthesis Options Summary
  2) HDL Compilation
  3) Design Hierarchy Analysis
  4) HDL Analysis
  5) HDL Synthesis
     5.1) HDL Synthesis Report
  6) Advanced HDL Synthesis
     6.1) Advanced HDL Synthesis Report
  7) Low Level Synthesis
  8) Partition Report
  9) Final Report
	9.1) Device utilization summary
	9.2) Partition Resource Summary
	9.3) TIMING REPORT


=========================================================================
*                      Synthesis Options Summary                        *
=========================================================================
---- Source Parameters
Input File Name                    : "expr.prj"
Input Format                       : mixed
Ignore Synthesis Constraint File   : NO

---- Target Parameters
Output File Name                   : "expr"
Output Format                      : NGC
Target Device                      : xa3s50-4-vqg100

---- Source Options
Top Module Name                    : expr
Automatic FSM Extraction           : YES
FSM Encoding Algorithm             : Auto
Safe Implementation                : No
FSM Style                          : LUT
RAM Extraction                     : Yes
RAM Style                          : Auto
ROM Extraction                     : Yes
Mux Style                          : Auto
Decoder Extraction                 : YES
Priority Encoder Extraction        : Yes
Shift Register Extraction          : YES
Logical Shifter Extraction         : YES
XOR Collapsing                     : YES
ROM Style                          : Auto
Mux Extraction                     : Yes
Resource Sharing                   : YES
Asynchronous To Synchronous        : NO
Multiplier Style                   : Auto
Automatic Register Balancing       : No

---- Target Options
Add IO Buffers                     : YES
Global Maximum Fanout              : 100000
Add Generic Clock Buffer(BUFG)     : 8
Register Duplication               : YES
Slice Packing                      : YES
Optimize Instantiated Primitives   : NO
Use Clock Enable                   : Yes
Use Synchronous Set                : Yes
Use Synchronous Reset              : Yes
Pack IO Registers into IOBs        : Auto
Equivalent register Removal        : YES

---- General Options
Optimization Goal                  : Speed
Optimization Effort                : 1
Keep Hierarchy                     : No
Netlist Hierarchy                  : As_Optimized
RTL Output                         : Yes
Global Optimization                : AllClockNets
Read Cores                         : YES
Write Timing Constraints           : NO
Cross Clock Analysis               : NO
Hierarchy Separator                : /
Bus Delimiter                      : <>
Case Specifier                     : Maintain
Slice Utilization Ratio            : 100
BRAM Utilization Ratio             : 100
Verilog 2001                       : YES
Auto BRAM Packing                  : NO
Slice Utilization Ratio Delta      : 5

=========================================================================


=========================================================================
*                          HDL Compilation                              *
=========================================================================
Compiling verilog file "expr.v" in library work
Module <expr> compiled
No errors in compilation
Analysis of file <"expr.prj"> succeeded.
 

=========================================================================
*                     Design Hierarchy Analysis                         *
=========================================================================
Analyzing hierarchy for module <expr> in library <work> with parameters.
	f = "0"
	s0 = "01"
	s1 = "10"
	start = "00"
	t = "1"


=========================================================================
*                            HDL Analysis                               *
=========================================================================
Analyzing top module <expr>.
	f = 1'b0
	s0 = 2'b01
	s1 = 2'b10
	start = 2'b00
	t = 1'b1
Module <expr> is correct for synthesis.
 

=========================================================================
*                           HDL Synthesis                               *
=========================================================================

Performing bidirectional port resolution...

Synthesizing Unit <expr>.
    Related source file is "expr.v".
    Found finite state machine <FSM_0> for signal <sta>.
    -----------------------------------------------------------------------
    | States             | 3                                              |
    | Transitions        | 6                                              |
    | Inputs             | 1                                              |
    | Outputs            | 3                                              |
    | Clock              | clk                       (rising_edge)        |
    | Reset              | clr                       (positive)           |
    | Reset type         | asynchronous                                   |
    | Reset State        | 00                                             |
    | Power Up State     | 00                                             |
    | Encoding           | automatic                                      |
    | Implementation     | LUT                                            |
    -----------------------------------------------------------------------
    Found 1-bit register for signal <ans>.
    Found 8-bit comparator greatequal for signal <isNum$cmp_ge0000> created at line 34.
    Found 8-bit comparator lessequal for signal <isNum$cmp_le0000> created at line 34.
    Summary:
	inferred   1 Finite State Machine(s).
	inferred   1 D-type flip-flop(s).
	inferred   2 Comparator(s).
Unit <expr> synthesized.


=========================================================================
HDL Synthesis Report

Macro Statistics
# Registers                                            : 1
 1-bit register                                        : 1
# Comparators                                          : 2
 8-bit comparator greatequal                           : 1
 8-bit comparator lessequal                            : 1

=========================================================================

=========================================================================
*                       Advanced HDL Synthesis                          *
=========================================================================

Analyzing FSM <FSM_0> for best encoding.
Optimizing FSM <sta/FSM> on signal <sta[1:3]> with one-hot encoding.
-------------------
 State | Encoding
-------------------
 00    | 001
 01    | 010
 10    | 100
-------------------

=========================================================================
Advanced HDL Synthesis Report

Macro Statistics
# FSMs                                                 : 1
# Registers                                            : 1
 Flip-Flops                                            : 1
# Comparators                                          : 2
 8-bit comparator greatequal                           : 1
 8-bit comparator lessequal                            : 1

=========================================================================

=========================================================================
*                         Low Level Synthesis                           *
=========================================================================

Optimizing unit <expr> ...

Mapping all equations...
Building and optimizing final netlist ...
Found area constraint ratio of 100 (+ 5) on block expr, actual ratio is 0.

Final Macro Processing ...

=========================================================================
Final Register Report

Macro Statistics
# Registers                                            : 4
 Flip-Flops                                            : 4

=========================================================================

=========================================================================
*                           Partition Report                            *
=========================================================================

Partition Implementation Status
-------------------------------

  No Partitions were found in this design.

-------------------------------

=========================================================================
*                            Final Report                               *
=========================================================================
Final Results
RTL Top Level Output File Name     : expr.ngr
Top Level Output File Name         : expr
Output Format                      : NGC
Optimization Goal                  : Speed
Keep Hierarchy                     : No

Design Statistics
# IOs                              : 11

Cell Usage :
# BELS                             : 8
#      GND                         : 1
#      LUT2                        : 2
#      LUT4                        : 4
#      MUXF5                       : 1
# FlipFlops/Latches                : 4
#      FDC                         : 2
#      FDP                         : 2
# Clock Buffers                    : 1
#      BUFGP                       : 1
# IO Buffers                       : 9
#      IBUF                        : 8
#      OBUF                        : 1
=========================================================================

Device utilization summary:
---------------------------

Selected Device : xa3s50vqg100-4 

 Number of Slices:                        3  out of    768     0%  
 Number of Slice Flip Flops:              4  out of   1536     0%  
 Number of 4 input LUTs:                  6  out of   1536     0%  
 Number of IOs:                          11
 Number of bonded IOBs:                  10  out of     63    15%  
 Number of GCLKs:                         1  out of      8    12%  

---------------------------
Partition Resource Summary:
---------------------------

  No Partitions were found in this design.

---------------------------


=========================================================================
TIMING REPORT

NOTE: THESE TIMING NUMBERS ARE ONLY A SYNTHESIS ESTIMATE.
      FOR ACCURATE TIMING INFORMATION PLEASE REFER TO THE TRACE REPORT
      GENERATED AFTER PLACE-and-ROUTE.

Clock Information:
------------------
-----------------------------------+------------------------+-------+
Clock Signal                       | Clock buffer(FF name)  | Load  |
-----------------------------------+------------------------+-------+
clk                                | BUFGP                  | 4     |
-----------------------------------+------------------------+-------+

Asynchronous Control Signals Information:
----------------------------------------
-----------------------------------+------------------------+-------+
Control Signal                     | Buffer(FF name)        | Load  |
-----------------------------------+------------------------+-------+
clr                                | IBUF                   | 4     |
-----------------------------------+------------------------+-------+

Timing Summary:
---------------
Speed Grade: -4

   Minimum period: 2.906ns (Maximum Frequency: 344.116MHz)
   Minimum input arrival time before clock: 6.326ns
   Maximum output required time after clock: 8.932ns
   Maximum combinational path delay: No path found

Timing Detail:
--------------
All values displayed in nanoseconds (ns)

=========================================================================
Timing constraint: Default period analysis for Clock 'clk'
  Clock period: 2.906ns (frequency: 344.116MHz)
  Total number of paths / destination ports: 5 / 1
-------------------------------------------------------------------------
Delay:               2.906ns (Levels of Logic = 2)
  Source:            sta_FSM_FFd3 (FF)
  Destination:       ans (FF)
  Source Clock:      clk rising
  Destination Clock: clk rising

  Data Path: sta_FSM_FFd3 to ans
                                Gate     Net
    Cell:in->out      fanout   Delay   Delay  Logical Name (Net Name)
    ----------------------------------------  ------------
     FDP:C->Q              2   0.720   1.072  sta_FSM_FFd3 (sta_FSM_FFd3)
     LUT2:I1->O            1   0.551   0.000  ans_mux0000_F (N7)
     MUXF5:I0->O           1   0.360   0.000  ans_mux0000 (ans_mux0000)
     FDP:D                     0.203          ans
    ----------------------------------------
    Total                      2.906ns (1.834ns logic, 1.072ns route)
                                       (63.1% logic, 36.9% route)

=========================================================================
Timing constraint: Default OFFSET IN BEFORE for Clock 'clk'
  Total number of paths / destination ports: 28 / 3
-------------------------------------------------------------------------
Offset:              6.326ns (Levels of Logic = 5)
  Source:            in<3> (PAD)
  Destination:       ans (FF)
  Destination Clock: clk rising

  Data Path: in<3> to ans
                                Gate     Net
    Cell:in->out      fanout   Delay   Delay  Logical Name (Net Name)
    ----------------------------------------  ------------
     IBUF:I->O             1   0.821   1.140  in_3_IBUF (in_3_IBUF)
     LUT4:I0->O            2   0.551   0.903  isNum_and0000_SW0 (N5)
     LUT4:I3->O            3   0.551   1.246  isNum_and0000 (isNum)
     LUT2:I0->O            1   0.551   0.000  ans_mux0000_F (N7)
     MUXF5:I0->O           1   0.360   0.000  ans_mux0000 (ans_mux0000)
     FDP:D                     0.203          ans
    ----------------------------------------
    Total                      6.326ns (3.037ns logic, 3.289ns route)
                                       (48.0% logic, 52.0% route)

=========================================================================
Timing constraint: Default OFFSET OUT AFTER for Clock 'clk'
  Total number of paths / destination ports: 2 / 1
-------------------------------------------------------------------------
Offset:              8.932ns (Levels of Logic = 2)
  Source:            ans (FF)
  Destination:       out (PAD)
  Source Clock:      clk rising

  Data Path: ans to out
                                Gate     Net
    Cell:in->out      fanout   Delay   Delay  Logical Name (Net Name)
    ----------------------------------------  ------------
     FDP:C->Q              2   0.720   1.216  ans (ans)
     LUT2:I0->O            1   0.551   0.801  out_and00001 (out_OBUF)
     OBUF:I->O                 5.644          out_OBUF (out)
    ----------------------------------------
    Total                      8.932ns (6.915ns logic, 2.017ns route)
                                       (77.4% logic, 22.6% route)

=========================================================================


Total REAL time to Xst completion: 3.00 secs
Total CPU time to Xst completion: 2.49 secs
 
--> 

Total memory usage is 4515584 kilobytes

Number of errors   :    0 (   0 filtered)
Number of warnings :    0 (   0 filtered)
Number of infos    :    0 (   0 filtered)

